<?xml version="1.0" encoding="UTF-8"?>
<testng-results ignored="0" total="1" passed="1" failed="0" skipped="0">
  <reporter-output>
  </reporter-output>
  <suite started-at="2024-09-10T19:59:36 IST" name="Default suite" finished-at="2024-09-10T20:00:24 IST" duration-ms="48232">
    <groups>
    </groups>
    <test started-at="2024-09-10T19:59:36 IST" name="Default test" finished-at="2024-09-10T20:00:24 IST" duration-ms="48232">
      <class name="Products2.CreateProductsTest">
        <test-method is-config="true" signature="BS()[pri:0, instance:Products2.CreateProductsTest@38d8f54a]" started-at="2024-09-10T19:59:36 IST" name="BS" finished-at="2024-09-10T19:59:36 IST" duration-ms="19" status="PASS">
          <reporter-output>
          </reporter-output>
        </test-method> <!-- BS -->
        <test-method is-config="true" signature="BT()[pri:0, instance:Products2.CreateProductsTest@38d8f54a]" started-at="2024-09-10T19:59:36 IST" name="BT" finished-at="2024-09-10T19:59:36 IST" duration-ms="1" status="PASS">
          <reporter-output>
          </reporter-output>
        </test-method> <!-- BT -->
        <test-method is-config="true" signature="BC()[pri:0, instance:Products2.CreateProductsTest@38d8f54a]" started-at="2024-09-10T19:59:36 IST" name="BC" finished-at="2024-09-10T19:59:41 IST" duration-ms="5673" status="PASS">
          <reporter-output>
          </reporter-output>
        </test-method> <!-- BC -->
        <test-method is-config="true" signature="BM()[pri:0, instance:Products2.CreateProductsTest@38d8f54a]" started-at="2024-09-10T19:59:41 IST" name="BM" finished-at="2024-09-10T19:59:51 IST" duration-ms="9713" status="PASS">
          <reporter-output>
          </reporter-output>
        </test-method> <!-- BM -->
        <test-method signature="CreateProducts2Test()[pri:0, instance:Products2.CreateProductsTest@38d8f54a]" started-at="2024-09-10T19:59:51 IST" name="CreateProducts2Test" finished-at="2024-09-10T20:00:19 IST" duration-ms="27910" status="PASS">
          <reporter-output>
          </reporter-output>
        </test-method> <!-- CreateProducts2Test -->
        <test-method is-config="true" signature="AM()[pri:0, instance:Products2.CreateProductsTest@38d8f54a]" started-at="2024-09-10T20:00:19 IST" name="AM" finished-at="2024-09-10T20:00:23 IST" duration-ms="4463" status="PASS">
          <reporter-output>
          </reporter-output>
        </test-method> <!-- AM -->
        <test-method is-config="true" signature="AC()[pri:0, instance:Products2.CreateProductsTest@38d8f54a]" started-at="2024-09-10T20:00:23 IST" name="AC" finished-at="2024-09-10T20:00:24 IST" duration-ms="382" status="PASS">
          <reporter-output>
          </reporter-output>
        </test-method> <!-- AC -->
        <test-method is-config="true" signature="AT()[pri:0, instance:Products2.CreateProductsTest@38d8f54a]" started-at="2024-09-10T20:00:24 IST" name="AT" finished-at="2024-09-10T20:00:24 IST" duration-ms="1" status="PASS">
          <reporter-output>
          </reporter-output>
        </test-method> <!-- AT -->
        <test-method is-config="true" signature="AS()[pri:0, instance:Products2.CreateProductsTest@38d8f54a]" started-at="2024-09-10T20:00:24 IST" name="AS" finished-at="2024-09-10T20:00:24 IST" duration-ms="0" status="PASS">
          <reporter-output>
          </reporter-output>
        </test-method> <!-- AS -->
      </class> <!-- Products2.CreateProductsTest -->
    </test> <!-- Default test -->
  </suite> <!-- Default suite -->
</testng-results>
